0 info it worked if it ends with ok
1 verbose cli [ 'E:\\nodejs\\node.exe',
1 verbose cli   'C:\\Users\\Administrator\\AppData\\Roaming\\npm\\node_modules\\cnpm\\node_modules\\npm\\bin\\npm-cli.js',
1 verbose cli   '--userconfig=C:\\Users\\Administrator\\.cnpmrc',
1 verbose cli   '--disturl=https://npm.taobao.org/mirrors/node',
1 verbose cli   '--registry=https://registry.npm.taobao.org',
1 verbose cli   'run',
1 verbose cli   'dev:h5' ]
2 info using npm@3.10.10
3 info using node@v8.1.3
4 verbose run-script [ 'predev:h5', 'dev:h5', 'postdev:h5' ]
5 info lifecycle taorong@1.0.0~predev:h5: taorong@1.0.0
6 silly lifecycle taorong@1.0.0~predev:h5: no script for predev:h5, continuing
7 info lifecycle taorong@1.0.0~dev:h5: taorong@1.0.0
8 verbose lifecycle taorong@1.0.0~dev:h5: unsafe-perm in lifecycle true
9 verbose lifecycle taorong@1.0.0~dev:h5: PATH: C:\Users\Administrator\AppData\Roaming\npm\node_modules\cnpm\node_modules\npm\bin\node-gyp-bin;F:\weChat\taorong\node_modules\.bin;C:\ProgramData\Oracle\Java\javapath;C:\Python27\;C:\Python27\Scripts;C:\WINDOWS\system32;C:\WINDOWS;C:\WINDOWS\System32\Wbem;C:\WINDOWS\System32\WindowsPowerShell\v1.0\;E:\Java\jdk1.8.0_161\bin;E:\Java\jdk1.8.0_161\jre\bin;E:\android\tools;E:\less.js-windows;E:\Git\cmd;E:\cmder;E:\nodejs\;C:\Python27;C:\ProgramData\chocolatey\bin;E:\android\platform-tools;E:\android\platforms;E:\mysql-5.6.39-winx64\bin;E:\TortoiseSVN\bin;C:\Program Files (x86)\NVIDIA Corporation\PhysX\Common;E:\putty\;C:\Users\Administrator\AppData\Roaming\npm;C:\Users\Administrator\AppData\Local\Microsoft\WindowsApps;E:\Microsoft VS Code\bin;;C:\Program Files (x86)\SSH Communications Security\SSH Secure Shell
10 verbose lifecycle taorong@1.0.0~dev:h5: CWD: F:\weChat\taorong
11 silly lifecycle taorong@1.0.0~dev:h5: Args: [ '/d /s /c', 'npm run build:h5 -- --watch' ]
12 silly lifecycle taorong@1.0.0~dev:h5: Returned: code: 1  signal: null
13 info lifecycle taorong@1.0.0~dev:h5: Failed to exec dev:h5 script
14 verbose stack Error: taorong@1.0.0 dev:h5: `npm run build:h5 -- --watch`
14 verbose stack Exit status 1
14 verbose stack     at EventEmitter.<anonymous> (C:\Users\Administrator\AppData\Roaming\npm\node_modules\cnpm\node_modules\npm\lib\utils\lifecycle.js:255:16)
14 verbose stack     at emitTwo (events.js:125:13)
14 verbose stack     at EventEmitter.emit (events.js:213:7)
14 verbose stack     at ChildProcess.<anonymous> (C:\Users\Administrator\AppData\Roaming\npm\node_modules\cnpm\node_modules\npm\lib\utils\spawn.js:40:14)
14 verbose stack     at emitTwo (events.js:125:13)
14 verbose stack     at ChildProcess.emit (events.js:213:7)
14 verbose stack     at maybeClose (internal/child_process.js:897:16)
14 verbose stack     at Process.ChildProcess._handle.onexit (internal/child_process.js:208:5)
15 verbose pkgid taorong@1.0.0
16 verbose cwd F:\weChat\taorong
17 error Windows_NT 10.0.16299
18 error argv "E:\\nodejs\\node.exe" "C:\\Users\\Administrator\\AppData\\Roaming\\npm\\node_modules\\cnpm\\node_modules\\npm\\bin\\npm-cli.js" "--userconfig=C:\\Users\\Administrator\\.cnpmrc" "--disturl=https://npm.taobao.org/mirrors/node" "--registry=https://registry.npm.taobao.org" "run" "dev:h5"
19 error node v8.1.3
20 error npm  v3.10.10
21 error code ELIFECYCLE
22 error taorong@1.0.0 dev:h5: `npm run build:h5 -- --watch`
22 error Exit status 1
23 error Failed at the taorong@1.0.0 dev:h5 script 'npm run build:h5 -- --watch'.
23 error Make sure you have the latest version of node.js and npm installed.
23 error If you do, this is most likely a problem with the taorong package,
23 error not with npm itself.
23 error Tell the author that this fails on your system:
23 error     npm run build:h5 -- --watch
23 error You can get information on how to open an issue for this project with:
23 error     npm bugs taorong
23 error Or if that isn't available, you can get their info via:
23 error     npm owner ls taorong
23 error There is likely additional logging output above.
24 verbose exit [ 1, true ]
